<?xml version="1.0" encoding="UTF-8"?>
<!-- Generated by org.testng.reporters.JUnitXMLReporter -->
<testsuite ignored="0" hostname="kumar" failures="2" tests="4" name="Test" time="23.402" errors="0" timestamp="2026-04-24T12:28:40 IST">
  <testcase classname="testCases.LoginDDT" name="verify_loginDDT" time="2.67"/>
  <testcase classname="testCases.LoginDDT" name="verify_loginDDT" time="2.217">
    <failure type="java.lang.AssertionError" message="expected [true] but found [false]">
      <![CDATA[java.lang.AssertionError: expected [true] but found [false]
at testCases.LoginDDT.verify_loginDDT(LoginDDT.java:50)
at java.base/java.util.ArrayList.forEach(ArrayList.java:1596)
... Removed 29 stack frames]]>
    </failure>
  </testcase> <!-- verify_loginDDT -->
  <testcase classname="testCases.LoginDDT" name="verify_loginDDT" time="2.322">
    <failure type="java.lang.AssertionError" message="expected [true] but found [false]">
      <![CDATA[java.lang.AssertionError: expected [true] but found [false]
at testCases.LoginDDT.verify_loginDDT(LoginDDT.java:50)
at java.base/java.util.ArrayList.forEach(ArrayList.java:1596)
... Removed 29 stack frames]]>
    </failure>
  </testcase> <!-- verify_loginDDT -->
  <testcase classname="testCases.LoginDDT" name="verify_loginDDT" time="9.609"/>
</testsuite> <!-- Test -->
