<?xml version="1.0" encoding="UTF-8"?>
<!-- Generated by org.testng.reporters.JUnitXMLReporter -->
<testsuite ignored="0" hostname="kumar" failures="1" tests="2" name="Test" time="21.274" errors="0" timestamp="2026-03-17T21:11:45 IST">
  <testcase classname="testCases.LoginTest" name="verify_Login" time="12.529">
    <failure type="java.lang.AssertionError" message="expected [true] but found [false]">
      <![CDATA[java.lang.AssertionError: expected [true] but found [false]
at testCases.LoginTest.verify_Login(LoginTest.java:29)
at java.base/java.util.ArrayList.forEach(ArrayList.java:1596)
... Removed 29 stack frames]]>
    </failure>
  </testcase> <!-- verify_Login -->
  <testcase classname="testCases.Registration_Testcase" name="RegiStration" time="2.991"/>
</testsuite> <!-- Test -->
