<?xml version="1.0" encoding="UTF-8"?>
<!-- Generated by org.testng.reporters.JUnitXMLReporter -->
<testsuite ignored="0" hostname="kumar" failures="2" tests="5" name="Test" time="24.308" errors="0" timestamp="2026-04-24T14:01:07 IST">
  <testcase classname="testCases.LoginDDT" name="verify_loginDDT" time="2.279"/>
  <testcase classname="testCases.LoginDDT" name="verify_loginDDT" time="1.872">
    <failure type="java.lang.AssertionError" message="expected [true] but found [false]">
      <![CDATA[java.lang.AssertionError: expected [true] but found [false]
at testCases.LoginDDT.verify_loginDDT(LoginDDT.java:50)
at java.base/java.util.ArrayList.forEach(ArrayList.java:1596)
... Removed 33 stack frames]]>
    </failure>
  </testcase> <!-- verify_loginDDT -->
  <testcase classname="testCases.LoginDDT" name="verify_loginDDT" time="2.424">
    <failure type="java.lang.AssertionError" message="expected [true] but found [false]">
      <![CDATA[java.lang.AssertionError: expected [true] but found [false]
at testCases.LoginDDT.verify_loginDDT(LoginDDT.java:50)
at java.base/java.util.ArrayList.forEach(ArrayList.java:1596)
... Removed 33 stack frames]]>
    </failure>
  </testcase> <!-- verify_loginDDT -->
  <testcase classname="testCases.LoginDDT" name="verify_loginDDT" time="10.874"/>
  <testcase classname="testCases.LoginDDT" name="verify_loginDDT" time="2.948"/>
</testsuite> <!-- Test -->
