<?xml version="1.0" encoding="UTF-8"?>
<testng-results ignored="0" total="1" passed="1" failed="0" skipped="0">
  <reporter-output>
  </reporter-output>
  <suite started-at="2026-03-17T21:13:03 IST" name="Failed suite [Suite]" finished-at="2026-03-17T21:13:08 IST" duration-ms="5517">
    <groups>
      <group name="Master">
        <method signature="LoginTest.verify_Login()[pri:0, instance:testCases.LoginTest@77d67cf3]" name="verify_Login" class="testCases.LoginTest"/>
      </group> <!-- Master -->
      <group name="Sanity">
        <method signature="LoginTest.verify_Login()[pri:0, instance:testCases.LoginTest@77d67cf3]" name="verify_Login" class="testCases.LoginTest"/>
      </group> <!-- Sanity -->
    </groups>
    <test started-at="2026-03-17T21:13:03 IST" name="Test(failed)" finished-at="2026-03-17T21:13:08 IST" duration-ms="5517">
      <class name="testCases.LoginTest">
        <test-method is-config="true" signature="setUp(java.lang.String,java.lang.String)[pri:0, instance:testCases.LoginTest@77d67cf3]" started-at="2026-03-17T21:13:03 IST" name="setUp" finished-at="2026-03-17T21:13:06 IST" duration-ms="2715" status="PASS">
          <params>
            <param index="0">
              <value>
                <![CDATA[windows]]>
              </value>
            </param>
            <param index="1">
              <value>
                <![CDATA[chrome]]>
              </value>
            </param>
          </params>
          <reporter-output>
          </reporter-output>
        </test-method> <!-- setUp -->
        <test-method signature="verify_Login()[pri:0, instance:testCases.LoginTest@77d67cf3]" started-at="2026-03-17T21:13:06 IST" name="verify_Login" finished-at="2026-03-17T21:13:08 IST" duration-ms="2186" status="PASS">
          <reporter-output>
          </reporter-output>
        </test-method> <!-- verify_Login -->
        <test-method is-config="true" signature="tearDown()[pri:0, instance:testCases.LoginTest@77d67cf3]" started-at="2026-03-17T21:13:08 IST" name="tearDown" finished-at="2026-03-17T21:13:08 IST" duration-ms="231" status="PASS">
          <reporter-output>
          </reporter-output>
        </test-method> <!-- tearDown -->
      </class> <!-- testCases.LoginTest -->
    </test> <!-- Test(failed) -->
  </suite> <!-- Failed suite [Suite] -->
</testng-results>
